[INFO] Scanning for projects...
[INFO] ------------------------------------------------------------------------
[INFO] Reactor Build Order:
[INFO] 
[INFO] cinema_tickets_app                                                 [pom]
[INFO] cinema-tickets-core                                                [jar]
[INFO] --------------------< com.piisw:cinema_tickets_app >--------------------
[INFO] Building cinema_tickets_app 0.0.1-SNAPSHOT                         [1/2]
[INFO] --------------------------------[ pom ]---------------------------------
[INFO] --- maven-clean-plugin:3.1.0:clean (default-clean) @ cinema_tickets_app ---
[INFO] --- spring-boot-maven-plugin:2.2.6.RELEASE:repackage (repackage) @ cinema_tickets_app ---
[INFO] -------------------< com.piisw:cinema-tickets-core >--------------------
[INFO] Building cinema-tickets-core 0.0.1-SNAPSHOT                        [2/2]
[INFO] --------------------------------[ jar ]---------------------------------
[INFO] --- maven-clean-plugin:3.1.0:clean (default-clean) @ cinema-tickets-core ---
[INFO] Deleting /vagrant/backend/target
[INFO] --- maven-resources-plugin:3.1.0:resources (default-resources) @ cinema-tickets-core ---
[INFO] Using 'UTF-8' encoding to copy filtered resources.
[INFO] Copying 2 resources
[INFO] --- maven-compiler-plugin:3.8.1:compile (default-compile) @ cinema-tickets-core ---
[INFO] Changes detected - recompiling the module!
[INFO] Compiling 96 source files to /vagrant/backend/target/classes
[INFO] --- maven-resources-plugin:3.1.0:testResources (default-testResources) @ cinema-tickets-core ---
[INFO] Copying 1 resource
[INFO] --- maven-compiler-plugin:3.8.1:testCompile (default-testCompile) @ cinema-tickets-core ---
[INFO] Compiling 8 source files to /vagrant/backend/target/test-classes
[INFO] --- maven-surefire-plugin:2.21.0:test (default-test) @ cinema-tickets-core ---
[INFO] Tests are skipped.
[INFO] --- maven-jar-plugin:3.1.2:jar (default-jar) @ cinema-tickets-core ---
[INFO] Building jar: /vagrant/backend/target/cinema-tickets-core-0.0.1-SNAPSHOT.jar
[INFO] --- spring-boot-maven-plugin:2.2.6.RELEASE:repackage (repackage) @ cinema-tickets-core ---
[INFO] Replacing main artifact with repackaged archive
[INFO] Reactor Summary for cinema_tickets_app 0.0.1-SNAPSHOT:
[INFO] cinema_tickets_app ................................. SUCCESS [  1.770 s]
[INFO] cinema-tickets-core ................................ SUCCESS [ 28.001 s]
[INFO] BUILD SUCCESS
[INFO] Total time:  30.126 s
[INFO] Finished at: 2020-10-26T20:14:24Z
