[    0.000000] Linux version 4.15.0-121-generic (buildd@lgw01-amd64-034) (gcc version 7.5.0 (Ubuntu 7.5.0-3ubuntu1~18.04)) #123-Ubuntu SMP Mon Oct 5 16:16:40 UTC 2020 (Ubuntu 4.15.0-121.123-generic 4.15.18)
[    0.000000] Command line: BOOT_IMAGE=/boot/vmlinuz-4.15.0-121-generic root=LABEL=cloudimg-rootfs ro console=tty1 console=ttyS0
[    0.000000] KERNEL supported cpus:
[    0.000000]   Intel GenuineIntel
[    0.000000]   AMD AuthenticAMD
[    0.000000]   Centaur CentaurHauls
[    0.000000] x86/fpu: Supporting XSAVE feature 0x001: 'x87 floating point registers'
[    0.000000] x86/fpu: Supporting XSAVE feature 0x002: 'SSE registers'
[    0.000000] x86/fpu: Supporting XSAVE feature 0x004: 'AVX registers'
[    0.000000] x86/fpu: xstate_offset[2]:  576, xstate_sizes[2]:  256
[    0.000000] x86/fpu: Enabled xstate features 0x7, context size is 832 bytes, using 'standard' format.
[    0.000000] e820: BIOS-provided physical RAM map:
[    0.000000] BIOS-e820: [mem 0x0000000000000000-0x000000000009fbff] usable
[    0.000000] BIOS-e820: [mem 0x000000000009fc00-0x000000000009ffff] reserved
[    0.000000] BIOS-e820: [mem 0x00000000000f0000-0x00000000000fffff] reserved
[    0.000000] BIOS-e820: [mem 0x0000000000100000-0x000000003ffeffff] usable
[    0.000000] BIOS-e820: [mem 0x000000003fff0000-0x000000003fffffff] ACPI data
[    0.000000] BIOS-e820: [mem 0x00000000fec00000-0x00000000fec00fff] reserved
[    0.000000] BIOS-e820: [mem 0x00000000fee00000-0x00000000fee00fff] reserved
[    0.000000] BIOS-e820: [mem 0x00000000fffc0000-0x00000000ffffffff] reserved
[    0.000000] NX (Execute Disable) protection: active
[    0.000000] SMBIOS 2.5 present.
[    0.000000] DMI: innotek GmbH VirtualBox/VirtualBox, BIOS VirtualBox 12/01/2006
[    0.000000] Hypervisor detected: KVM
[    0.000000] e820: last_pfn = 0x3fff0 max_arch_pfn = 0x400000000
[    0.000000] MTRR: Disabled
[    0.000000] x86/PAT: MTRRs disabled, skipping PAT initialization too.
[    0.000000] CPU MTRRs all blank - virtualized system.
[    0.000000] x86/PAT: Configuration [0-7]: WB  WT  UC- UC  WB  WT  UC- UC  
[    0.000000] found SMP MP-table at [mem 0x0009fff0-0x0009ffff]
[    0.000000] Scanning 1 areas for low memory corruption
[    0.000000] RAMDISK: [mem 0x35a67000-0x36d2afff]
[    0.000000] ACPI: Early table checksum verification disabled
[    0.000000] ACPI: RSDP 0x00000000000E0000 000024 (v02 VBOX  )
[    0.000000] ACPI: XSDT 0x000000003FFF0030 00003C (v01 VBOX   VBOXXSDT 00000001 ASL  00000061)
[    0.000000] ACPI: FACP 0x000000003FFF00F0 0000F4 (v04 VBOX   VBOXFACP 00000001 ASL  00000061)
[    0.000000] ACPI: DSDT 0x000000003FFF0470 002325 (v02 VBOX   VBOXBIOS 00000002 INTL 20100528)
[    0.000000] ACPI: FACS 0x000000003FFF0200 000040
[    0.000000] ACPI: FACS 0x000000003FFF0200 000040
[    0.000000] ACPI: APIC 0x000000003FFF0240 00005C (v02 VBOX   VBOXAPIC 00000001 ASL  00000061)
[    0.000000] ACPI: SSDT 0x000000003FFF02A0 0001CC (v01 VBOX   VBOXCPUT 00000002 INTL 20100528)
[    0.000000] No NUMA configuration found
[    0.000000] Faking a node at [mem 0x0000000000000000-0x000000003ffeffff]
[    0.000000] NODE_DATA(0) allocated [mem 0x3ffc5000-0x3ffeffff]
[    0.000000] kvm-clock: cpu 0, msr 0:3ff44001, primary cpu clock
[    0.000000] kvm-clock: Using msrs 4b564d01 and 4b564d00
[    0.000000] kvm-clock: using sched offset of 3881064354 cycles
[    0.000000] clocksource: kvm-clock: mask: 0xffffffffffffffff max_cycles: 0x1cd42e4dffb, max_idle_ns: 881590591483 ns
[    0.000000] Zone ranges:
[    0.000000]   DMA      [mem 0x0000000000001000-0x0000000000ffffff]
[    0.000000]   DMA32    [mem 0x0000000001000000-0x000000003ffeffff]
[    0.000000]   Normal   empty
[    0.000000]   Device   empty
[    0.000000] Movable zone start for each node
[    0.000000] Early memory node ranges
[    0.000000]   node   0: [mem 0x0000000000001000-0x000000000009efff]
[    0.000000]   node   0: [mem 0x0000000000100000-0x000000003ffeffff]
[    0.000000] Reserved but unavailable: 98 pages
[    0.000000] Initmem setup node 0 [mem 0x0000000000001000-0x000000003ffeffff]
[    0.000000] ACPI: PM-Timer IO Port: 0x4008
[    0.000000] IOAPIC[0]: apic_id 2, version 32, address 0xfec00000, GSI 0-23
[    0.000000] ACPI: INT_SRC_OVR (bus 0 bus_irq 0 global_irq 2 dfl dfl)
[    0.000000] ACPI: INT_SRC_OVR (bus 0 bus_irq 9 global_irq 9 low level)
[    0.000000] Using ACPI (MADT) for SMP configuration information
[    0.000000] smpboot: Allowing 2 CPUs, 0 hotplug CPUs
[    0.000000] PM: Registered nosave memory: [mem 0x00000000-0x00000fff]
[    0.000000] PM: Registered nosave memory: [mem 0x0009f000-0x0009ffff]
[    0.000000] PM: Registered nosave memory: [mem 0x000a0000-0x000effff]
[    0.000000] PM: Registered nosave memory: [mem 0x000f0000-0x000fffff]
[    0.000000] e820: [mem 0x40000000-0xfebfffff] available for PCI devices
[    0.000000] Booting paravirtualized kernel on KVM
[    0.000000] clocksource: refined-jiffies: mask: 0xffffffff max_cycles: 0xffffffff, max_idle_ns: 7645519600211568 ns
[    0.000000] random: get_random_bytes called from start_kernel+0x99/0x500 with crng_init=0
[    0.000000] setup_percpu: NR_CPUS:8192 nr_cpumask_bits:2 nr_cpu_ids:2 nr_node_ids:1
[    0.000000] percpu: Embedded 45 pages/cpu s147456 r8192 d28672 u1048576
[    0.000000] PV qspinlock hash table entries: 256 (order: 0, 4096 bytes)
[    0.000000] Built 1 zonelists, mobility grouping on.  Total pages: 257913
[    0.000000] Policy zone: DMA32
[    0.000000] Kernel command line: BOOT_IMAGE=/boot/vmlinuz-4.15.0-121-generic root=LABEL=cloudimg-rootfs ro console=tty1 console=ttyS0
[    0.000000] Memory: 983032K/1048120K available (12300K kernel code, 2482K rwdata, 4272K rodata, 2436K init, 2724K bss, 65088K reserved, 0K cma-reserved)
[    0.000000] SLUB: HWalign=64, Order=0-3, MinObjects=0, CPUs=2, Nodes=1
[    0.000000] Kernel/User page tables isolation: enabled
[    0.000000] ftrace: allocating 39402 entries in 154 pages
[    0.004000] Hierarchical RCU implementation.
[    0.004000] 	RCU restricting CPUs from NR_CPUS=8192 to nr_cpu_ids=2.
[    0.004000] 	Tasks RCU enabled.
[    0.004000] RCU: Adjusting geometry for rcu_fanout_leaf=16, nr_cpu_ids=2
[    0.004000] NR_IRQS: 524544, nr_irqs: 440, preallocated irqs: 16
[    0.004000] Console: colour VGA+ 80x25
[    0.004000] console [tty1] enabled
[    0.004000] console [ttyS0] enabled
[    0.004000] ACPI: Core revision 20170831
[    0.004000] ACPI: 2 ACPI AML tables successfully acquired and loaded
[    0.004000] APIC: Switch to symmetric I/O mode setup
[    0.004000] x2apic enabled
[    0.004000] Switched APIC routing to physical x2apic.
[    0.004000] ..TIMER: vector=0x30 apic1=0 pin1=2 apic2=-1 pin2=-1
[    0.004004] tsc: Detected 2592.002 MHz processor
[    0.005100] Calibrating delay loop (skipped) preset value.. 5184.00 BogoMIPS (lpj=10368008)
[    0.008003] pid_max: default: 32768 minimum: 301
[    0.009136] Security Framework initialized
[    0.010137] Yama: becoming mindful.
[    0.012024] AppArmor: AppArmor initialized
[    0.016000] Dentry cache hash table entries: 131072 (order: 8, 1048576 bytes)
[    0.016069] Inode-cache hash table entries: 65536 (order: 7, 524288 bytes)
[    0.020015] Mount-cache hash table entries: 2048 (order: 2, 16384 bytes)
[    0.021590] Mountpoint-cache hash table entries: 2048 (order: 2, 16384 bytes)
[    0.023511] Last level iTLB entries: 4KB 64, 2MB 8, 4MB 8
[    0.024003] Last level dTLB entries: 4KB 64, 2MB 0, 4MB 0, 1GB 4
[    0.025391] Spectre V1 : Mitigation: usercopy/swapgs barriers and __user pointer sanitization
[    0.028002] Spectre V2 : Mitigation: Full generic retpoline
[    0.029296] Spectre V2 : Spectre v2 / SpectreRSB mitigation: Filling RSB on context switch
[    0.031232] Speculative Store Bypass: Vulnerable
[    0.032049] SRBDS: Unknown: Dependent on hypervisor status
[    0.033340] MDS: Mitigation: Clear CPU buffers
[    0.034646] Freeing SMP alternatives memory: 36K
[    0.146686] smpboot: CPU0: Intel(R) Core(TM) i7-6700HQ CPU @ 2.60GHz (family: 0x6, model: 0x5e, stepping: 0x3)
[    0.148000] Performance Events: unsupported p6 CPU model 94 no PMU driver, software events only.
[    0.148042] Hierarchical SRCU implementation.
[    0.150152] NMI watchdog: Perf event create on CPU 0 failed with -2
[    0.152004] NMI watchdog: Perf NMI watchdog permanently disabled
[    0.154033] smp: Bringing up secondary CPUs ...
[    0.156096] x86: Booting SMP configuration:
[    0.157122] .... node  #0, CPUs:      #1
[    0.004000] kvm-clock: cpu 1, msr 0:3ff44041, secondary cpu clock
[    0.160023] smp: Brought up 1 node, 2 CPUs
[    0.161178] smpboot: Max logical packages: 1
[    0.162479] smpboot: Total of 2 processors activated (10368.00 BogoMIPS)
[    0.164139] devtmpfs: initialized
[    0.164918] x86/mm: Memory block size: 128MB
[    0.166208] evm: security.selinux
[    0.168004] evm: security.SMACK64
[    0.169052] evm: security.SMACK64EXEC
[    0.169962] evm: security.SMACK64TRANSMUTE
[    0.172004] evm: security.SMACK64MMAP
[    0.173238] evm: security.apparmor
[    0.174191] evm: security.ima
[    0.174958] evm: security.capability
[    0.176119] clocksource: jiffies: mask: 0xffffffff max_cycles: 0xffffffff, max_idle_ns: 7645041785100000 ns
[    0.178700] futex hash table entries: 512 (order: 3, 32768 bytes)
[    0.183322] pinctrl core: initialized pinctrl subsystem
[    0.184123] RTC time: 18:08:02, date: 11/19/20
[    0.185332] NET: Registered protocol family 16
[    0.188126] audit: initializing netlink subsys (disabled)
[    0.189973] audit: type=2000 audit(1605809288.051:1): state=initialized audit_enabled=0 res=1
[    0.192013] cpuidle: using governor ladder
[    0.193031] cpuidle: using governor menu
[    0.194054] ACPI: bus type PCI registered
[    0.195050] acpiphp: ACPI Hot Plug PCI Controller Driver version: 0.5
[    0.196118] PCI: Using configuration type 1 for base access
[    0.200018] HugeTLB registered 2.00 MiB page size, pre-allocated 0 pages
[    0.201605] ACPI: Added _OSI(Module Device)
[    0.201605] ACPI: Added _OSI(Processor Device)
[    0.204006] ACPI: Added _OSI(3.0 _SCP Extensions)
[    0.205175] ACPI: Added _OSI(Processor Aggregator Device)
[    0.206502] ACPI: Added _OSI(Linux-Dell-Video)
[    0.207654] ACPI: Added _OSI(Linux-Lenovo-NV-HDMI-Audio)
[    0.208004] ACPI: Added _OSI(Linux-HPI-Hybrid-Graphics)
[    0.209717] ACPI: Executed 1 blocks of module-level executable AML code
[    0.218036] ACPI: Interpreter enabled
[    0.219220] ACPI: (supports S0 S5)
[    0.220000] ACPI: Using IOAPIC for interrupt routing
[    0.220505] PCI: Using host bridge windows from ACPI; if necessary, use "pci=nocrs" and report a bug
[    0.224263] ACPI: Enabled 2 GPEs in block 00 to 07
[    0.235854] ACPI: PCI Root Bridge [PCI0] (domain 0000 [bus 00-ff])
[    0.236013] acpi PNP0A03:00: _OSC: OS supports [ASPM ClockPM Segments MSI]
[    0.238761] acpi PNP0A03:00: _OSC: not requesting OS control; OS requires [ExtendedConfig ASPM ClockPM MSI]
[    0.240032] acpi PNP0A03:00: fail to add MMCONFIG information, can't access extended PCI configuration space under this bridge.
[    0.244579] PCI host bridge to bus 0000:00
[    0.245684] pci_bus 0000:00: root bus resource [io  0x0000-0x0cf7 window]
[    0.248005] pci_bus 0000:00: root bus resource [io  0x0d00-0xffff window]
[    0.249613] pci_bus 0000:00: root bus resource [mem 0x000a0000-0x000bffff window]
[    0.252006] pci_bus 0000:00: root bus resource [mem 0x40000000-0xfdffffff window]
[    0.253936] pci_bus 0000:00: root bus resource [bus 00-ff]
[    0.259167] pci 0000:00:01.1: legacy IDE quirk: reg 0x10: [io  0x01f0-0x01f7]
[    0.260004] pci 0000:00:01.1: legacy IDE quirk: reg 0x14: [io  0x03f6]
[    0.261908] pci 0000:00:01.1: legacy IDE quirk: reg 0x18: [io  0x0170-0x0177]
[    0.264006] pci 0000:00:01.1: legacy IDE quirk: reg 0x1c: [io  0x0376]
[    0.283308] pci 0000:00:07.0: quirk: [io  0x4000-0x403f] claimed by PIIX4 ACPI
[    0.284022] pci 0000:00:07.0: quirk: [io  0x4100-0x410f] claimed by PIIX4 SMB
[    0.297933] ACPI: PCI Interrupt Link [LNKA] (IRQs 5 9 10 *11)
[    0.300000] ACPI: PCI Interrupt Link [LNKB] (IRQs 5 9 *10 11)
[    0.300219] ACPI: PCI Interrupt Link [LNKC] (IRQs 5 *9 10 11)
[    0.304132] ACPI: PCI Interrupt Link [LNKD] (IRQs 5 9 10 *11)
[    0.305946] SCSI subsystem initialized
[    0.306936] pci 0000:00:02.0: vgaarb: setting as boot VGA device
[    0.306936] pci 0000:00:02.0: vgaarb: VGA device added: decodes=io+mem,owns=io+mem,locks=none
[    0.308010] pci 0000:00:02.0: vgaarb: bridge control possible
[    0.312014] vgaarb: loaded
[    0.312958] ACPI: bus type USB registered
[    0.314034] usbcore: registered new interface driver usbfs
[    0.315356] usbcore: registered new interface driver hub
[    0.316027] usbcore: registered new device driver usb
[    0.317645] EDAC MC: Ver: 3.0.0
[    0.320245] PCI: Using ACPI for IRQ routing
[    0.321494] NetLabel: Initializing
[    0.322355] NetLabel:  domain hash size = 128
[    0.323415] NetLabel:  protocols = UNLABELED CIPSOv4 CALIPSO
[    0.324024] NetLabel:  unlabeled traffic allowed by default
[    0.325385] clocksource: Switched to clocksource kvm-clock
[    0.346245] VFS: Disk quotas dquot_6.6.0
[    0.347514] VFS: Dquot-cache hash table entries: 512 (order 0, 4096 bytes)
[    0.349471] AppArmor: AppArmor Filesystem Enabled
[    0.350980] pnp: PnP ACPI init
[    0.353230] pnp: PnP ACPI: found 3 devices
[    0.367166] clocksource: acpi_pm: mask: 0xffffff max_cycles: 0xffffff, max_idle_ns: 2085701024 ns
[    0.369631] NET: Registered protocol family 2
[    0.371516] TCP established hash table entries: 8192 (order: 4, 65536 bytes)
[    0.373432] TCP bind hash table entries: 8192 (order: 5, 131072 bytes)
[    0.378633] TCP: Hash tables configured (established 8192 bind 8192)
[    0.380608] UDP hash table entries: 512 (order: 2, 16384 bytes)
[    0.382314] UDP-Lite hash table entries: 512 (order: 2, 16384 bytes)
[    0.384378] NET: Registered protocol family 1
[    0.385754] pci 0000:00:00.0: Limiting direct PCI/PCI transfers
[    0.387513] pci 0000:00:01.0: Activating ISA DMA hang workarounds
[    0.389202] pci 0000:00:02.0: Video device with shadowed ROM at [mem 0x000c0000-0x000dffff]
[    0.391868] Unpacking initramfs...
[    0.726811] Freeing initrd memory: 19216K
[    0.727986] clocksource: tsc: mask: 0xffffffffffffffff max_cycles: 0x255cb8d7d74, max_idle_ns: 440795265546 ns
[    0.730598] platform rtc_cmos: registered platform RTC device (no PNP device found)
[    0.732440] Scanning for low memory corruption every 60 seconds
[    0.734539] Initialise system trusted keyrings
[    0.735905] Key type blacklist registered
[    0.737264] workingset: timestamp_bits=36 max_order=18 bucket_order=0
[    0.740083] zbud: loaded
[    0.741615] squashfs: version 4.0 (2009/01/31) Phillip Lougher
[    0.743180] fuse init (API version 7.26)
[    0.746835] Key type asymmetric registered
[    0.747929] Asymmetric key parser 'x509' registered
[    0.749160] Block layer SCSI generic (bsg) driver version 0.4 loaded (major 246)
[    0.752021] io scheduler noop registered
[    0.753398] io scheduler deadline registered
[    0.754544] io scheduler cfq registered (default)
[    0.756493] ACPI: AC Adapter [AC] (on-line)
[    0.757732] input: Power Button as /devices/LNXSYSTM:00/LNXPWRBN:00/input/input0
[    0.759718] ACPI: Power Button [PWRF]
[    0.761077] input: Sleep Button as /devices/LNXSYSTM:00/LNXSLPBN:00/input/input1
[    0.762967] ACPI: Sleep Button [SLPF]
[    0.765270] ACPI: Battery Slot [BAT0] (battery present)
[    0.767040] Serial: 8250/16550 driver, 32 ports, IRQ sharing enabled
[    0.789937] 00:02: ttyS0 at I/O 0x3f8 (irq = 4, base_baud = 115200) is a 16550A
[    0.795677] Linux agpgart interface v0.103
[    0.798754] loop: module loaded
[    0.800527] scsi host0: ata_piix
[    0.801677] scsi host1: ata_piix
[    0.802545] ata1: PATA max UDMA/33 cmd 0x1f0 ctl 0x3f6 bmdma 0xd000 irq 14
[    0.804151] ata2: PATA max UDMA/33 cmd 0x170 ctl 0x376 bmdma 0xd008 irq 15
[    0.806132] libphy: Fixed MDIO Bus: probed
[    0.807392] tun: Universal TUN/TAP device driver, 1.6
[    0.808732] PPP generic driver version 2.4.2
[    0.810031] ehci_hcd: USB 2.0 'Enhanced' Host Controller (EHCI) Driver
[    0.811912] ehci-pci: EHCI PCI platform driver
[    0.813061] ehci-platform: EHCI generic platform driver
[    0.814302] ohci_hcd: USB 1.1 'Open' Host Controller (OHCI) Driver
[    0.816089] ohci-pci: OHCI PCI platform driver
[    0.817383] ohci-platform: OHCI generic platform driver
[    0.818635] uhci_hcd: USB Universal Host Controller Interface driver
[    0.820470] i8042: PNP: PS/2 Controller [PNP0303:PS2K,PNP0f03:PS2M] at 0x60,0x64 irq 1,12
[    0.823168] serio: i8042 KBD port at 0x60,0x64 irq 1
[    0.824386] serio: i8042 AUX port at 0x60,0x64 irq 12
[    0.826073] mousedev: PS/2 mouse device common for all mice
[    0.828407] input: AT Translated Set 2 keyboard as /devices/platform/i8042/serio0/input/input2
[    0.830979] rtc_cmos rtc_cmos: rtc core: registered rtc_cmos as rtc0
[    0.832713] rtc_cmos rtc_cmos: alarms up to one day, 114 bytes nvram
[    0.834190] i2c /dev entries driver
[    0.835302] device-mapper: uevent: version 1.0.3
[    0.836854] device-mapper: ioctl: 4.37.0-ioctl (2017-09-20) initialised: dm-devel@redhat.com
[    0.838897] ledtrig-cpu: registered to indicate activity on CPUs
[    0.841131] NET: Registered protocol family 10
[    0.848112] Segment Routing with IPv6
[    0.849073] NET: Registered protocol family 17
[    0.850458] Key type dns_resolver registered
[    0.851750] mce: Using 0 MCE banks
[    0.852664] RAS: Correctable Errors collector initialized.
[    0.853989] sched_clock: Marking stable (852645748, 0)->(1094015896, -241370148)
[    0.856759] registered taskstats version 1
[    0.857801] Loading compiled-in X.509 certificates
[    0.861412] Loaded X.509 cert 'Build time autogenerated kernel key: 517b2180bafe62ad6f81db3336688475b28504c0'
[    0.863768] zswap: loaded using pool lzo/zbud
[    0.868177] Key type big_key registered
[    0.869182] Key type trusted registered
[    0.872088] Key type encrypted registered
[    0.873078] AppArmor: AppArmor sha1 policy hashing enabled
[    0.874372] ima: No TPM chip found, activating TPM-bypass! (rc=-19)
[    0.876244] ima: Allocated hash algorithm: sha1
[    0.877474] evm: HMAC attrs: 0x1
[    0.878555]   Magic number: 12:433:140
[    0.879754] rtc_cmos rtc_cmos: setting system clock to 2020-11-19 18:08:03 UTC (1605809283)
[    0.882251] BIOS EDD facility v0.16 2004-Jun-25, 0 devices found
[    0.883662] EDD information not available.
[    1.028317] Freeing unused kernel image memory: 2436K
[    1.220625] Write protecting the kernel read-only data: 20480k
[    1.227482] Freeing unused kernel image memory: 2008K
[    1.233223] Freeing unused kernel image memory: 1872K
[    1.259214] x86/mm: Checked W+X mappings: passed, no W+X pages found.
[    1.261271] x86/mm: Checking user space page tables
[    1.273793] x86/mm: Checked W+X mappings: passed, no W+X pages found.
Loading, please wait...
starting version 237
[    1.359728] e1000: Intel(R) PRO/1000 Network Driver - version 7.3.21-k8-NAPI
[    1.361446] e1000: Copyright (c) 1999-2006 Intel Corporation.
[    1.369892] Fusion MPT base driver 3.04.20
[    1.371211] Copyright (c) 1999-2008 LSI Corporation
[    1.378239] Fusion MPT SPI Host driver 3.04.20
[    1.381696] AVX2 version of gcm_enc/dec engaged.
[    1.382841] AES CTR mode by8 optimization enabled
[    1.570203] input: ImExPS/2 Generic Explorer Mouse as /devices/platform/i8042/serio1/input/input4
[    1.799550] e1000 0000:00:03.0 eth0: (PCI:33MHz:32-bit) 02:3b:b1:b7:71:c1
[    1.802218] e1000 0000:00:03.0 eth0: Intel(R) PRO/1000 Network Connection
[    1.806711] e1000 0000:00:03.0 enp0s3: renamed from eth0
[    1.807080] mptbase: ioc0: Initiating bringup
[    2.625339] ioc0: LSI53C1030 A0: Capabilities={Initiator}
[    4.881117] scsi host2: ioc0: LSI53C1030 A0, FwRev=00000000h, Ports=1, MaxQ=256, IRQ=20
[    6.738350] scsi 2:0:0:0: Direct-Access     VBOX     HARDDISK         1.0  PQ: 0 ANSI: 5
[    6.776228] scsi target2:0:0: Beginning Domain Validation
[    6.787437] scsi target2:0:0: Domain Validation skipping write tests
[    6.798664] scsi target2:0:0: Ending Domain Validation
[    6.805196] scsi target2:0:0: asynchronous
[    6.808537] scsi 2:0:1:0: Direct-Access     VBOX     HARDDISK         1.0  PQ: 0 ANSI: 5
[    6.840523] scsi target2:0:1: Beginning Domain Validation
[    6.845833] random: fast init done
[    6.848340] scsi target2:0:1: Domain Validation skipping write tests
[    6.851431] scsi target2:0:1: Ending Domain Validation
[    6.854343] scsi target2:0:1: asynchronous
[    6.865768] random: systemd-udevd: uninitialized urandom read (16 bytes read)
[    6.869382] random: systemd-udevd: uninitialized urandom read (16 bytes read)
[    6.869896] sd 2:0:0:0: Attached scsi generic sg0 type 0
[    6.872952] random: systemd-udevd: uninitialized urandom read (16 bytes read)
[    6.875928] sd 2:0:1:0: Attached scsi generic sg1 type 0
[    6.882379] sd 2:0:0:0: [sda] 20971520 512-byte logical blocks: (10.7 GB/10.0 GiB)
[    6.886275] sd 2:0:1:0: [sdb] 20480 512-byte logical blocks: (10.5 MB/10.0 MiB)
[    6.891253] sd 2:0:0:0: [sda] Write Protect is off
[    6.893575] sd 2:0:1:0: [sdb] Write Protect is off
[    6.896998] sd 2:0:0:0: [sda] Incomplete mode parameter data
[    6.898523] sd 2:0:0:0: [sda] Assuming drive cache: write through
[    6.900124] sd 2:0:1:0: [sdb] Incomplete mode parameter data
[    6.901547] sd 2:0:1:0: [sdb] Assuming drive cache: write through
[    6.907530]  sda: sda1
[    6.909076] sd 2:0:0:0: [sda] Attached SCSI disk
[    6.909480] sd 2:0:1:0: [sdb] Attached SCSI disk
Begin: Loading essential drivers ... [    8.608069] raid6: sse2x1   gen() 10285 MB/s
[    8.656372] raid6: sse2x1   xor()  7563 MB/s
[    8.704261] raid6: sse2x2   gen() 11421 MB/s
[    8.752164] raid6: sse2x2   xor()  8546 MB/s
[    8.800479] raid6: sse2x4   gen() 13454 MB/s
[    8.848286] raid6: sse2x4   xor()  8999 MB/s
[    8.896112] raid6: avx2x1   gen() 20482 MB/s
[    8.944429] raid6: avx2x1   xor() 13040 MB/s
[    8.992248] raid6: avx2x2   gen() 22746 MB/s
[    9.040126] raid6: avx2x2   xor() 15536 MB/s
[    9.088378] raid6: avx2x4   gen() 26602 MB/s
[    9.136200] raid6: avx2x4   xor() 17605 MB/s
[    9.137283] raid6: using algorithm avx2x4 gen() 26602 MB/s
[    9.138571] raid6: .... xor() 17605 MB/s, rmw enabled
[    9.139764] raid6: using avx2x2 recovery algorithm
[    9.142319] xor: automatically using best checksumming function   avx       
[    9.145363] async_tx: api initialized (async)
done.
Begin: Running /scripts/init-premount ... done.
Begin: Mounting root file system ... Begin: Running /scripts/local-top ... done.
Begin: Running /scripts/local-premount ... [    9.199985] Btrfs loaded, crc32c=crc32c-intel
Scanning for Btrfs filesystems
done.
Warning: fsck not present, so skipping root file system
[    9.230950] EXT4-fs (sda1): mounted filesystem with ordered data mode. Opts: (null)
done.
Begin: Running /scripts/local-bottom ... done.
Begin: Running /scripts/init-bottom ... done.
[    9.409475] ip_tables: (C) 2000-2006 Netfilter Core Team
[    9.423043] systemd[1]: systemd 237 running in system mode. (+PAM +AUDIT +SELINUX +IMA +APPARMOR +SMACK +SYSVINIT +UTMP +LIBCRYPTSETUP +GCRYPT +GNUTLS +ACL +XZ +LZ4 +SECCOMP +BLKID +ELFUTILS +KMOD -IDN2 +IDN -PCRE2 default-hierarchy=hybrid)
[    9.428591] systemd[1]: Detected virtualization oracle.
[    9.430086] systemd[1]: Detected architecture x86-64.

Welcome to [1mUbuntu 18.04.5 LTS[0m!

[    9.437684] systemd[1]: Set hostname to <ubuntu>.
[    9.443019] systemd[1]: Initializing machine ID from random generator.
[    9.444764] systemd[1]: Installed transient /etc/machine-id file.
[    9.700249] systemd[1]: Created slice User and Session Slice.
[[0;32m  OK  [0m] Created slice User and Session Slice.
[    9.727432] systemd[1]: Created slice System Slice.
[[0;32m  OK  [0m] Created slice System Slice.
[    9.729801] systemd[1]: Listening on udev Kernel Socket.
[[0;32m  OK  [0m] Listening on udev Kernel Socket.
[    9.732265] systemd[1]: Listening on LVM2 metadata daemon socket.
[[0;32m  OK  [0m] Listening on LVM2 metadata daemon socket.
[[0;32m  OK  [0m] Listening on Journal Socket (/dev/log).
[[0;32m  OK  [0m] Listening on Journal Socket.
         Mounting Kernel Debug File System...
         Mounting Huge Pages File System...
         Mounting POSIX Message Queue File System...
         Starting Remount Root and Kernel File Systems...
[[0;32m  OK  [0m] Set up automount Arbitrary Executab…rmats File System Automount Point.
[[0;32m  OK  [0m] Listening on udev Control Socket.
         Starting udev Coldplug all Devices...
         Starting Set the console keyboard layout...
[[0;32m  OK  [0m] Listening on Device-mapper event daemon FIFOs.
[[0;32m  OK  [0m] Listening on Syslog Socket.
         Starting Create list of required st…ce nodes for the current kernel...
[[0;32m  OK  [0m] Reached target Swap.
         Starting Uncomplicated firewall...
[[0;32m  OK  [0m] Reached target User and Group Name Lookups.
[[0;32m  OK  [0m] Listening on Network Service Netlink Socket.
[[0;32m  OK  [0m] Created slice system-serial\x2dgetty.slice.
[[0;32m  OK  [0m] Listening on LVM2 poll daemon socket.
         Starting Monitoring of LVM2 mirrors…ng dmeventd or progress polling...
[[0;32m  OK  [0m] Listening on /dev/initctl Compatibility Named Pipe.
[    9.817262] EXT4-fs (sda1): re-mounted. Opts: (null)
         Starting Load Kernel Modules...
[[0;32m  OK  [0m] Reached target Slices.
[[0;32m  OK  [0m] Started Forward Password Requests to Wall Directory Watch.
[[0;32m  OK  [0m] Reached target System Time Synchronized.
[[0;32m  OK  [0m] Listening on Journal Audit Socket.
         Starting Journal Service...
[[0;32m  OK  [0m] Mounted Kernel Debug File System.
[[0;32m  OK  [0m] Mounted Huge Pages File System.
[[0;32m  OK  [0m] Mounted POSIX Message Queue File System.
[[0;32m  OK  [0m] Started Remount Root and Kernel File Systems.
[[0;32m  OK  [0m] Started Create list of required sta…vice nodes for the current kernel.
[[0;32m  OK  [0m] Started Uncomplicated firewall.
         Starting Create Static Device Nodes in /dev...
[    9.863532] Loading iSCSI transport class v2.0-870.
[    9.870423] iscsi: registered transport (tcp)
         Starting Load/Save Random Seed...
[[0;32m  OK  [0m] Started udev Coldplug all Devices.
[[0;32m  OK  [0m] Started Create Static Device Nodes in /dev.
[[0;32m  OK  [0m] Started LVM2 metadata daemon.
         Starting udev Kernel Device Manager...
[    9.944993] iscsi: registered transport (iser)
[[0;32m  OK  [0m] Started Load Kernel Modules.
         Starting Apply Kernel Variables...
         Mounting FUSE Control File System...
         Mounting Kernel Configuration File System...
[[0;32m  OK  [0m] Mounted FUSE Control File System.
[[0;32m  OK  [0m] Started Journal Service.
         Starting Flush Journal to Persistent Storage...
[[0;32m  OK  [0m] Started Load/Save Random Seed.
[[0;32m  OK  [0m] Mounted Kernel Configuration File System.
[[0;32m  OK  [0m] Started udev Kernel Device Manager.
[[0;32m  OK  [0m] Started Monitoring of LVM2 mirrors,…sing dmeventd or progress polling.
[[0;32m  OK  [0m] Started Apply Kernel Variables.
[[0;32m  OK  [0m] Started Flush Journal to Persistent Storage.
[[0;32m  OK  [0m] Started Set the console keyboard layout.
[[0;32m  OK  [0m] Reached target Local File Systems (Pre).
[[0;32m  OK  [0m] Reached target Local File Systems.
         Starting ebtables ruleset management...
         Starting Tell Plymouth To Write Out Runtime Data...
         Starting Commit a transient machine-id on disk...
         Starting AppArmor initialization...
         Starting Set console font and keymap...
         Starting Create Volatile Files and Directories...
[[0;32m  OK  [0m] Started Dispatch Password Requests to Console Directory Watch.
[[0;32m  OK  [0m] Reached target Local Encrypted Volumes.
[[0;32m  OK  [0m] Started Tell Plymouth To Write Out Runtime Data.
[[0;32m  OK  [0m] Started Set console font and keymap.
[[0;32m  OK  [0m] Started Create Volatile Files and Directories.
         Starting Update UTMP about System Boot/Shutdown...
[[0;32m  OK  [0m] Started Update UTMP about System Boot/Shutdown.
[[0;32m  OK  [0m] Started Commit a transient machine-id on disk.
[[0;32m  OK  [0m] Started ebtables ruleset management.
[[0;32m  OK  [0m] Found device /dev/ttyS0.
[[0;32m  OK  [0m] Listening on Load/Save RF Kill Switch Status /dev/rfkill Watch.
[[0;32m  OK  [0m] Started AppArmor initialization.
         Starting Load AppArmor profiles managed internally by snapd...
         Starting Initial cloud-init job (pre-networking)...
[[0;32m  OK  [0m] Started Load AppArmor profiles managed internally by snapd.
[   13.587084] cloud-init[567]: Cloud-init v. 20.3-2-g371b392c-0ubuntu1~18.04.1 running 'init-local' at Thu, 19 Nov 2020 18:08:15 +0000. Up 13.09 seconds.
[[0;32m  OK  [0m] Started Initial cloud-init job (pre-networking).
[[0;32m  OK  [0m] Reached target Network (Pre).
         Starting Network Service...
[[0;32m  OK  [0m] Started Network Service.
         Starting Wait for Network to be Configured...
         Starting Network Name Resolution...
[[0;32m  OK  [0m] Started Network Name Resolution.
[[0;32m  OK  [0m] Reached target Network.
[[0;32m  OK  [0m] Reached target Host and Network Name Lookups.
[[0;32m  OK  [0m] Started Wait for Network to be Configured.
         Starting Initial cloud-init job (metadata service crawler)...
[   15.937624] cloud-init[692]: Cloud-init v. 20.3-2-g371b392c-0ubuntu1~18.04.1 running 'init' at Thu, 19 Nov 2020 18:08:18 +0000. Up 15.70 seconds.
[   15.948248] cloud-init[692]: ci-info: ++++++++++++++++++++++++++++++++++++++Net device info++++++++++++++++++++++++++++++++++++++
[   15.950412] cloud-init[692]: ci-info: +--------+------+----------------------------+---------------+--------+-------------------+
[   15.952276] cloud-init[692]: ci-info: | Device |  Up  |          Address           |      Mask     | Scope  |     Hw-Address    |
[   15.954254] cloud-init[692]: ci-info: +--------+------+----------------------------+---------------+--------+-------------------+
[   15.957195] cloud-init[692]: ci-info: | enp0s3 | True |         10.0.2.15          | 255.255.255.0 | global | 02:3b:b1:b7:71:c1 |
[   15.959349] cloud-init[692]: ci-info: | enp0s3 | True | fe80::3b:b1ff:feb7:71c1/64 |       .       |  link  | 02:3b:b1:b7:71:c1 |
[   15.961143] cloud-init[692]: ci-info: |   lo   | True |         127.0.0.1          |   255.0.0.0   |  host  |         .         |
[   15.963303] cloud-init[692]: ci-info: |   lo   | True |          ::1/128           |       .       |  host  |         .         |
[   15.965884] cloud-init[692]: ci-info: +--------+------+----------------------------+---------------+--------+-------------------+
[   15.968618] cloud-init[692]: ci-info: ++++++++++++++++++++++++++++Route IPv4 info+++++++++++++++++++++++++++++
[   15.984207] cloud-init[692]: ci-info: +-------+-------------+----------+-----------------+-----------+-------+
[   15.986444] cloud-init[692]: ci-info: | Route | Destination | Gateway  |     Genmask     | Interface | Flags |
[   15.996254] cloud-init[692]: ci-info: +-------+-------------+----------+-----------------+-----------+-------+
[   15.998303] cloud-init[692]: ci-info: |   0   |   0.0.0.0   | 10.0.2.2 |     0.0.0.0     |   enp0s3  |   UG  |
[   16.002230] cloud-init[692]: ci-info: |   1   |   10.0.2.0  | 0.0.0.0  |  255.255.255.0  |   enp0s3  |   U   |
[   16.004049] cloud-init[692]: ci-info: |   2   |   10.0.2.2  | 0.0.0.0  | 255.255.255.255 |   enp0s3  |   UH  |
[   16.008217] cloud-init[692]: ci-info: +-------+-------------+----------+-----------------+-----------+-------+
[   16.010253] cloud-init[692]: ci-info: +++++++++++++++++++Route IPv6 info+++++++++++++++++++
[   16.011749] cloud-init[692]: ci-info: +-------+-------------+---------+-----------+-------+
[   16.013318] cloud-init[692]: ci-info: | Route | Destination | Gateway | Interface | Flags |
[   16.014867] cloud-init[692]: ci-info: +-------+-------------+---------+-----------+-------+
[   16.016319] cloud-init[692]: ci-info: |   1   |  fe80::/64  |    ::   |   enp0s3  |   U   |
[   16.028544] cloud-init[692]: ci-info: |   3   |    local    |    ::   |   enp0s3  |   U   |
[   16.030049] cloud-init[692]: ci-info: |   4   |   ff00::/8  |    ::   |   enp0s3  |   U   |
[   16.031498] cloud-init[692]: ci-info: +-------+-------------+---------+-----------+-------+
[   16.857299] cloud-init[692]: Generating public/private rsa key pair.
[   16.858442] cloud-init[692]: Your identification has been saved in /etc/ssh/ssh_host_rsa_key.
[   16.859854] cloud-init[692]: Your public key has been saved in /etc/ssh/ssh_host_rsa_key.pub.
[   16.861341] cloud-init[692]: The key fingerprint is:
[   16.872393] cloud-init[692]: SHA256:iLTj47Qn9OCtjfFme1k3gLCp/rmhtifW+64TIEOC/Rg root@ubuntu-bionic
[   16.873867] cloud-init[692]: The key's randomart image is:
[   16.874840] cloud-init[692]: +---[RSA 2048]----+
[   16.875680] cloud-init[692]: |..               |
[   16.876606] cloud-init[692]: |o E   .          |
[   16.877472] cloud-init[692]: | o +.  + .       |
[   16.878315] cloud-init[692]: |  +.ooo.. .      |
[   16.879150] cloud-init[692]: |   o+o. S  .     |
[   16.879980] cloud-init[692]: |   .+..   . o    |
[   16.880878] cloud-init[692]: |   +==.. o . .   |
[   16.892416] cloud-init[692]: |   oBOXoo        |
[   16.893247] cloud-init[692]: |   oB@XXo        |
[   16.894064] cloud-init[692]: +----[SHA256]-----+
[   16.894897] cloud-init[692]: Generating public/private dsa key pair.
[   16.896018] cloud-init[692]: Your identification has been saved in /etc/ssh/ssh_host_dsa_key.
[   16.897363] cloud-init[692]: Your public key has been saved in /etc/ssh/ssh_host_dsa_key.pub.
[   16.899046] cloud-init[692]: The key fingerprint is:
[   16.899975] cloud-init[692]: SHA256:YnyDC2CvgBsAw1t7FdXn0aRZxwJJVEZ4NWqHTSLhs2I root@ubuntu-bionic
[   16.901402] cloud-init[692]: The key's randomart image is:
[   16.902425] cloud-init[692]: +---[DSA 1024]----+
[   16.912286] cloud-init[692]: |+      .o..==B*Bo|
[   16.924666] cloud-init[692]: |.o .   .  ..++%.+|
[   16.925492] cloud-init[692]: |. = . .    ooB.+ |
[   16.936355] cloud-init[692]: |oo + o .    +..  |
[[0;32m  OK  [0m] Started Initial cloud-init job (metadata service crawler).
[   16.953595] [[0;32m  OK  [0m] Reached target Cloud-config availability.
[[0;32m  OK  [0m] Reached target Network is Online.
cloud-init[[0;32m  OK  [0m] Reached target Remote File Systems (Pre).
[[0;32m  OK  [0m] Reached target Remote File Systems.
[692]: |+   + = SE .     |         Starting Availability of block devices...
[[0;32m  OK  [0m] Reached target System Initialization.
[[0;32m  OK  [0m] Started Discard unused blocks once a week.
[[0;32m  OK  [0m] Started Daily Cleanup of Temporary Directories.
[[0;32m  OK  [0m] Started Message of the Day.
         Starting Socket activation for snappy daemon.
[[0;32m  OK  [0m] Started Daily apt download activities.
[[0;32m  OK  [0m] Started Daily apt upgrade and clean activities.
[[0;32m  OK  [0m] Reached target Timers.
[[0;32m  OK  [0m] Listening on UUID daemon activation socket.
[[0;32m  OK  [0m] Listening on ACPID Listen Socket.
[[0;32m  OK  [0m] Listening on D-Bus System Message Bus Socket.

[   16.970418] cloud-init[692]: | + . o +...      |
[   16.972287] cloud-init[692]: |. .   .          |[[0;32m  OK  [0m] Started ACPI Events Check.
[[0;32m  OK  [0m] Reached target Paths.

[   16.974770]          Starting LXD - unix socket.
[[0;32m  OK  [0m] Listening on Open-iSCSI iscsid Socket.
[[0;32m  OK  [0m] Started Availability of block devices.
[[0;32m  OK  [0m] Listening on Socket activation for snappy daemon.
[[0;32m  OK  [0m] Listening on LXD - unix socket.
[[0;32m  OK  [0m] Reached target Sockets.
[[0;32m  OK  [0m] Reached target Basic System.
cloud-init[692]: |                 |[[0;32m  OK  [0m] Started irqbalance daemon.

[   16.984593]          Starting LSB: automatic crash report generation...
         Starting Pollinate to seed the pseudo random number generator...
         Starting System Logging Service...
         Starting Virtualbox guest utils...
cloud-init[692]: |                 |
[   16.991645] cloud-init[692]: +----[SHA256]-----+         Starting Accounts Service...

[   16.994142] cloud-init[692]: Generating public/private ecdsa key pair.
[   16.995512] cloud-init[692]: [[0;32m  OK  [0m] Started Regular background program processing daemon.
Your identification has been saved in /etc/ssh/ssh_host_ecdsa_key.
[   16.998701] cloud-init[692]: Your public key has been saved in /etc/ssh/ssh_host_ecdsa_key.pub.
[   17.000395] cloud-init[[0;32m  OK  [0m] Started FUSE filesystem for LXC.
[692]: The key fingerprint is:
[   17.002793] cloud-init         Starting Login Service...
[692]: SHA256:+SD1fMkqGMzFMpR9r2YVz5usCeOAqTNp8bQyHYE4d0s root@ubuntu-bionic
[   17.006450] cloud-init[692]: The key's randomart image is:
[   17.009826] cloud-init[692]: +---[ECDSA 256]---+
[   17.011430] cloud-init[692]: |      .o         |
[   17.013915] cloud-init[692]: |     .... . .    |
[   17.016498] cloud-init[692]: |   . .o +. . +   |
[   17.018499] cloud-init[692]: |  o ooE= + .o.o  |
[   17.021406] cloud-init[692]: |   o o==S oo+. o |
[   17.022467] cloud-init[692]: |    . *+.o*o  +  |
[   17.023943] cloud-init[692]: |     B.o.=oo o   |
[   17.036414] cloud-init[692]: |    O +  .. o    |
[   17.048481] cloud-init[692]: |   . =           |
[   17.050046] cloud-init[692]: +----[SHA256]-----+
[   17.051165] cloud-init[692]: Generating public/private ed25519 key pair.
[   17.052937] cloud-init[692]: Your identification has been saved in /etc/ssh/ssh_host_ed25519_key.
[   17.055286] cloud-init[692]: Your public key has been saved in /etc/ssh/ssh_host_ed25519_key.pub.
[   17.059052] cloud-init[692]: The key fingerprint is:
[   17.061269] cloud-init[692]: SHA256:Wf+N0bwooJjMTE7G3Cx/1uxJj+66luZkB9zw817eZ5s root@ubuntu-bionic         Starting Snap Daemon...
         Starting Permit User Sessions...

[   17.066563] [[0;32m  OK  [0m] Started D-Bus System Message Bus.
cloud-init[692]: The key's randomart image is:
[   17.068634] cloud-init[692]: +--[ED25519 256]--+
[   17.070236] cloud-init[692]: |                 |
[   17.076907] cloud-init[692]: |                 |
[   17.078126] cloud-init[692]: |         ..      |
[   17.080295] cloud-init[692]: |    o o .o+.   o |
[   17.081543] cloud-init[692]: |     B oS+ +. . o|
[   17.082724] cloud-init[692]: |    O = . = o..+.|
[   17.084004] cloud-init[692]: |     B o =.* ooo.|
[   17.085318] cloud-init[692]: |        =++ * o =|
[   17.086447] cloud-init[692]: |        ++=* o E+|
[   17.087483] cloud-init[692]: +----[SHA256]-----+
[[0;32m  OK  [0m] Started Login Service.
[[0;32m  OK  [0m] Started Unattended Upgrades Shutdown.
         Starting LSB: Record successful boot for GRUB...
         Starting Dispatcher daemon for systemd-networkd...
[[0;32m  OK  [0m] Started Deferred execution scheduler.
         Starting LXD - container startup/shutdown...
[[0;32m  OK  [0m] Started System Logging Service.
[[0;32m  OK  [0m] Started Permit User Sessions.
         Starting Terminate Plymouth Boot Screen...
         Starting Hold until boot process finishes up...
[[0;32m  OK  [0m] Started Hold until boot process finishes up.
[[0;32m  OK  [0m] Started Serial Getty on ttyS0.
         Starting Set console scheme...
[[0;32m  OK  [0m] Started Terminate Plymouth Boot Screen.
         Starting Authorization Manager...
[[0;32m  OK  [0m] Started LSB: Record successful boot for GRUB.
[[0;32m  OK  [0m] Started Set console scheme.
[[0;32m  OK  [0m] Created slice system-getty.slice.
[[0;32m  OK  [0m] Started Getty on tty1.
[[0;32m  OK  [0m] Reached target Login Prompts.
[[0;32m  OK  [0m] Started LSB: automatic crash report generation.
[[0;32m  OK  [0m] Started Authorization Manager.
[[0;32m  OK  [0m] Started Accounts Service.
[[0;32m  OK  [0m] Started Virtualbox guest utils.
[[0;32m  OK  [0m] Started LXD - container startup/shutdown.
[[0;32m  OK  [0m] Started Dispatcher daemon for systemd-networkd.
[[0;32m  OK  [0m] Started Snap Daemon.
         Starting Wait until snapd is fully seeded...
[[0;32m  OK  [0m] Started Pollinate to seed the pseudo random number generator.
         Starting OpenBSD Secure Shell server...
[[0;32m  OK  [0m] Started OpenBSD Secure Shell server.
[[0;32m  OK  [0m] Created slice User Slice of vagrant.
         Starting User Manager for UID 1000...
[[0;32m  OK  [0m] Started Session 1 of user vagrant.
[[0;32m  OK  [0m] Started User Manager for UID 1000.
[[0;32m  OK  [0m] Started Wait until snapd is fully seeded.
         Starting Apply the settings specified in cloud-config...
[[0;32m  OK  [0m] Reached target Multi-User System.
[[0;32m  OK  [0m] Reached target Graphical Interface.
         Starting Update UTMP about System Runlevel Changes...
[[0;32m  OK  [0m] Started Update UTMP about System Runlevel Changes.
[   21.460244] cloud-init[1227]: Cloud-init v. 20.3-2-g371b392c-0ubuntu1~18.04.1 running 'modules:config' at Thu, 19 Nov 2020 18:08:23 +0000. Up 20.49 seconds.
[[0;32m  OK  [0m] Started Apply the settings specified in cloud-config.
         Starting Execute cloud user/final scripts...
ci-info: no authorized SSH keys fingerprints found for user ubuntu.
<14>Nov 19 18:08:25 ec2: 
<14>Nov 19 18:08:25 ec2: #############################################################
<14>Nov 19 18:08:25 ec2: -----BEGIN SSH HOST KEY FINGERPRINTS-----
<14>Nov 19 18:08:25 ec2: 1024 SHA256:YnyDC2CvgBsAw1t7FdXn0aRZxwJJVEZ4NWqHTSLhs2I root@ubuntu-bionic (DSA)
<14>Nov 19 18:08:25 ec2: 256 SHA256:+SD1fMkqGMzFMpR9r2YVz5usCeOAqTNp8bQyHYE4d0s root@ubuntu-bionic (ECDSA)
<14>Nov 19 18:08:25 ec2: 256 SHA256:Wf+N0bwooJjMTE7G3Cx/1uxJj+66luZkB9zw817eZ5s root@ubuntu-bionic (ED25519)
<14>Nov 19 18:08:25 ec2: 2048 SHA256:iLTj47Qn9OCtjfFme1k3gLCp/rmhtifW+64TIEOC/Rg root@ubuntu-bionic (RSA)
<14>Nov 19 18:08:25 ec2: -----END SSH HOST KEY FINGERPRINTS-----
<14>Nov 19 18:08:25 ec2: #############################################################
-----BEGIN SSH HOST KEY KEYS-----
ecdsa-sha2-nistp256 AAAAE2VjZHNhLXNoYTItbmlzdHAyNTYAAAAIbmlzdHAyNTYAAABBBJY0NzvqOeVxm3RXw9zHmPOYpgw6wWC/bKHH5bOc6fX4CylDPKRWu4u9mcWslYMzVqqiFXL82eWT165nZeNYM4w= root@ubuntu-bionic
ssh-ed25519 AAAAC3NzaC1lZDI1NTE5AAAAIA6nMxzU2QU8md/ErlJtR1MPWLBIYnG352Dd4+IRp3gB root@ubuntu-bionic
ssh-rsa AAAAB3NzaC1yc2EAAAADAQABAAABAQCkfwdQlFCcbI/GGHOEvbQg3Q0nBbXBXfhs553zUWz7U7r9Jqeq2iFz31xLIqR+V5vzHf/Bx/a5ChxwE6ziMG3iOZ+0TOzv8tSUmAHMsVk24AnxFjJjVDBLSmflA2hG7Y8qpmGRhnmizlzIagdj5mLkGiSx7msBopk9AGPowBe3CTSrQ3KmSnx4XTczSYhfj+78WBz34yFqYEs3pZoQMKCWUPLnWMF7LJP5nnTVStlFSi9eCmRS4SiVSiH9yeJNoL+SnLIm+NpYx+wr2QtsAOW6IjklfXupgBokrmuuc4i2RJgVMAKnSAJNgJVyyoub5tXrBK/StSAEvB0wtj/x3sNb root@ubuntu-bionic
-----END SSH HOST KEY KEYS-----
[   22.468823] cloud-init[1350]: Cloud-init v. 20.3-2-g371b392c-0ubuntu1~18.04.1 running 'modules:final' at Thu, 19 Nov 2020 18:08:24 +0000. Up 22.19 seconds.
[   22.472524] cloud-init[1350]: ci-info: no authorized SSH keys fingerprints found for user ubuntu.
[   22.476959] cloud-init[1350]: Cloud-init v. 20.3-2-g371b392c-0ubuntu1~18.04.1 finished at Thu, 19 Nov 2020 18:08:25 +0000. Datasource DataSourceNoCloud [seed=/dev/sdb][dsmode=net].  Up 22.45 seconds

Ubuntu 18.04.5 LTS ubuntu-bionic ttyS0

ubuntu-bionic login: 